2025-07-05 12:38:43,233 INFO:Processed sheet: Defect Database
2025-07-05 12:38:43,289 INFO:Processed sheet: Defect running condition matrix
2025-07-05 12:38:43,315 INFO:Processed sheet: Defect retry condition matrix
2025-07-05 12:38:43,324 INFO:Processed sheet: Defect Frozen condition matrix
2025-07-05 12:38:43,333 INFO:Processed sheet: Defect Stop condition matrix
2025-07-05 12:38:43,333 WARNING:Sheet Defect Reinitialize condition matrix not found in Excel file.
2025-07-05 12:38:43,392 INFO:Processed sheet: FIM action matrix
2025-07-05 12:38:43,455 INFO:Processed sheet: Defect retry action matrix
2025-07-05 12:41:08,907 INFO:Processed sheet: Defect Database
2025-07-05 12:41:08,961 INFO:Processed sheet: Defect running condition matrix
2025-07-05 12:41:08,987 INFO:Processed sheet: Defect retry condition matrix
2025-07-05 12:41:08,996 INFO:Processed sheet: Defect Frozen condition matrix
2025-07-05 12:41:09,003 INFO:Processed sheet: Defect Stop condition matrix
2025-07-05 12:41:09,004 WARNING:Sheet Defect Reinitialize condition matrix not found in Excel file.
2025-07-05 12:41:09,063 INFO:Processed sheet: FIM action matrix
2025-07-05 12:41:09,123 INFO:Processed sheet: Defect retry action matrix
2025-07-05 12:42:12,068 INFO:Processed sheet: Defect Database
2025-07-05 12:42:12,121 INFO:Processed sheet: Defect running condition matrix
2025-07-05 12:42:12,147 INFO:Processed sheet: Defect retry condition matrix
2025-07-05 12:42:12,157 INFO:Processed sheet: Defect Frozen condition matrix
2025-07-05 12:42:12,165 INFO:Processed sheet: Defect Stop condition matrix
2025-07-05 12:42:12,165 WARNING:Sheet Defect Reinitialize condition matrix not found in Excel file.
2025-07-05 12:42:12,226 INFO:Processed sheet: FIM action matrix
2025-07-05 12:42:12,288 INFO:Processed sheet: Defect retry action matrix
2025-07-05 12:43:52,896 INFO:Processed sheet: Defect Database
2025-07-05 12:43:52,955 INFO:Processed sheet: Defect running condition matrix
2025-07-05 12:43:52,983 INFO:Processed sheet: Defect retry condition matrix
2025-07-05 12:43:52,992 INFO:Processed sheet: Defect Frozen condition matrix
2025-07-05 12:43:53,001 INFO:Processed sheet: Defect Stop condition matrix
2025-07-05 12:43:53,001 WARNING:Sheet Defect Reinitialize condition matrix not found in Excel file.
2025-07-05 12:43:53,058 INFO:Processed sheet: FIM action matrix
2025-07-05 12:43:53,125 INFO:Processed sheet: Defect retry action matrix
2025-07-05 12:44:29,619 INFO:Processed sheet: Defect Database
2025-07-05 12:44:29,675 INFO:Processed sheet: Defect running condition matrix
2025-07-05 12:44:29,701 INFO:Processed sheet: Defect retry condition matrix
2025-07-05 12:44:29,712 INFO:Processed sheet: Defect Frozen condition matrix
2025-07-05 12:44:29,720 INFO:Processed sheet: Defect Stop condition matrix
2025-07-05 12:44:29,720 WARNING:Sheet Defect Reinitialize condition matrix not found in Excel file.
2025-07-05 12:44:29,778 INFO:Processed sheet: FIM action matrix
2025-07-05 12:44:29,842 INFO:Processed sheet: Defect retry action matrix
2025-07-05 12:47:31,788 INFO:Processed sheet: Defect Database
2025-07-05 12:47:31,842 INFO:Processed sheet: Defect running condition matrix
2025-07-05 12:47:31,867 INFO:Processed sheet: Defect retry condition matrix
2025-07-05 12:47:31,877 INFO:Processed sheet: Defect Frozen condition matrix
2025-07-05 12:47:31,886 INFO:Processed sheet: Defect Stop condition matrix
2025-07-05 12:47:31,886 WARNING:Sheet Defect Reinitialize condition matrix not found in Excel file.
2025-07-05 12:47:31,942 INFO:Processed sheet: FIM action matrix
2025-07-05 12:47:32,004 INFO:Processed sheet: Defect retry action matrix
2025-07-05 12:47:50,034 INFO:Processed sheet: Defect Database
2025-07-05 12:47:50,091 INFO:Processed sheet: Defect running condition matrix
2025-07-05 12:47:50,119 INFO:Processed sheet: Defect retry condition matrix
2025-07-05 12:47:50,128 INFO:Processed sheet: Defect Frozen condition matrix
2025-07-05 12:47:50,137 INFO:Processed sheet: Defect Stop condition matrix
2025-07-05 12:47:50,137 WARNING:Sheet Defect Reinitialize condition matrix not found in Excel file.
2025-07-05 12:47:50,199 INFO:Processed sheet: FIM action matrix
2025-07-05 12:47:50,266 INFO:Processed sheet: Defect retry action matrix
2025-07-05 12:48:26,389 INFO:Processed sheet: Defect Database
2025-07-05 12:48:26,448 INFO:Processed sheet: Defect running condition matrix
2025-07-05 12:48:26,475 INFO:Processed sheet: Defect retry condition matrix
2025-07-05 12:48:26,485 INFO:Processed sheet: Defect Frozen condition matrix
2025-07-05 12:48:26,493 INFO:Processed sheet: Defect Stop condition matrix
2025-07-05 12:48:26,551 INFO:Processed sheet: FIM action matrix
2025-07-05 12:48:26,615 INFO:Processed sheet: Defect retry action matrix
2025-07-05 12:49:11,066 INFO:Processed sheet: Defect Database
2025-07-05 12:49:11,121 INFO:Processed sheet: Defect running condition matrix
2025-07-05 12:49:11,145 INFO:Processed sheet: Defect retry condition matrix
2025-07-05 12:49:11,155 INFO:Processed sheet: Defect Frozen condition matrix
2025-07-05 12:49:11,164 INFO:Processed sheet: Defect Stop condition matrix
2025-07-05 12:49:11,222 INFO:Processed sheet: FIM action matrix
2025-07-05 12:49:11,287 INFO:Processed sheet: Defect retry action matrix
2025-07-05 12:50:50,196 INFO:Processed sheet: Defect Database
2025-07-05 12:50:50,257 INFO:Processed sheet: Defect running condition matrix
2025-07-05 12:50:50,285 INFO:Processed sheet: Defect retry condition matrix
2025-07-05 12:50:50,295 INFO:Processed sheet: Defect Frozen condition matrix
2025-07-05 12:50:50,305 INFO:Processed sheet: Defect Stop condition matrix
2025-07-05 12:50:50,365 INFO:Processed sheet: FIM action matrix
2025-07-05 12:50:50,429 INFO:Processed sheet: Defect retry action matrix
2025-07-05 12:51:14,946 INFO:Processed sheet: Defect Database
2025-07-05 12:51:15,001 INFO:Processed sheet: Defect running condition matrix
2025-07-05 12:51:15,028 INFO:Processed sheet: Defect retry condition matrix
2025-07-05 12:51:15,038 INFO:Processed sheet: Defect Frozen condition matrix
2025-07-05 12:51:15,046 INFO:Processed sheet: Defect Stop condition matrix
2025-07-05 12:51:15,124 INFO:Processed sheet: FIM action matrix
2025-07-05 12:51:15,189 INFO:Processed sheet: Defect retry action matrix
2025-07-05 12:53:01,214 INFO:Processed sheet: Defect Database
2025-07-05 12:53:01,269 INFO:Processed sheet: Defect running condition matrix
2025-07-05 12:53:01,297 INFO:Processed sheet: Defect retry condition matrix
2025-07-05 12:53:01,307 INFO:Processed sheet: Defect Frozen condition matrix
2025-07-05 12:53:01,316 INFO:Processed sheet: Defect Stop condition matrix
2025-07-05 12:53:01,375 INFO:Processed sheet: FIM action matrix
2025-07-05 12:53:01,439 INFO:Processed sheet: Defect retry action matrix
2025-07-05 12:53:28,318 INFO:Processed sheet: Defect Database
2025-07-05 12:53:28,374 INFO:Processed sheet: Defect running condition matrix
2025-07-05 12:53:28,401 INFO:Processed sheet: Defect retry condition matrix
2025-07-05 12:53:28,411 INFO:Processed sheet: Defect Frozen condition matrix
2025-07-05 12:53:28,419 INFO:Processed sheet: Defect Stop condition matrix
2025-07-05 12:53:28,477 INFO:Processed sheet: FIM action matrix
2025-07-05 12:53:28,541 INFO:Processed sheet: Defect retry action matrix
2025-07-05 12:53:49,704 INFO:Processed sheet: Defect Database
2025-07-05 12:53:49,763 INFO:Processed sheet: Defect running condition matrix
2025-07-05 12:53:49,789 INFO:Processed sheet: Defect retry condition matrix
2025-07-05 12:53:49,800 INFO:Processed sheet: Defect Frozen condition matrix
2025-07-05 12:53:49,808 INFO:Processed sheet: Defect Stop condition matrix
2025-07-05 12:53:49,867 INFO:Processed sheet: FIM action matrix
2025-07-05 12:53:49,930 INFO:Processed sheet: Defect retry action matrix
2025-07-05 13:03:38,921 INFO:Processed sheet: Defect Database
2025-07-05 13:03:38,975 INFO:Processed sheet: Defect running condition matrix
2025-07-05 13:03:39,001 INFO:Processed sheet: Defect retry condition matrix
2025-07-05 13:03:39,011 INFO:Processed sheet: Defect Frozen condition matrix
2025-07-05 13:03:39,020 INFO:Processed sheet: Defect Stop condition matrix
2025-07-05 13:03:39,080 INFO:Processed sheet: FIM action matrix
2025-07-05 13:03:39,144 INFO:Processed sheet: Defect retry action matrix
2025-07-05 13:04:41,702 INFO:Processed sheet: Defect Database
2025-07-05 13:04:41,760 INFO:Processed sheet: Defect running condition matrix
2025-07-05 13:04:41,788 INFO:Processed sheet: Defect retry condition matrix
2025-07-05 13:04:41,797 INFO:Processed sheet: Defect Frozen condition matrix
2025-07-05 13:04:41,806 INFO:Processed sheet: Defect Stop condition matrix
2025-07-05 13:04:41,864 INFO:Processed sheet: FIM action matrix
2025-07-05 13:04:41,928 INFO:Processed sheet: Defect retry action matrix
2025-07-05 13:04:58,749 INFO:Processed sheet: Defect Database
2025-07-05 13:04:58,804 INFO:Processed sheet: Defect running condition matrix
2025-07-05 13:04:58,832 INFO:Processed sheet: Defect retry condition matrix
2025-07-05 13:04:58,841 INFO:Processed sheet: Defect Frozen condition matrix
2025-07-05 13:04:58,849 INFO:Processed sheet: Defect Stop condition matrix
2025-07-05 13:04:58,910 INFO:Processed sheet: FIM action matrix
2025-07-05 13:04:58,977 INFO:Processed sheet: Defect retry action matrix
2025-07-05 13:06:09,115 INFO:Processed sheet: Defect Database
2025-07-05 13:06:09,172 INFO:Processed sheet: Defect running condition matrix
2025-07-05 13:06:09,200 INFO:Processed sheet: Defect retry condition matrix
2025-07-05 13:06:09,210 INFO:Processed sheet: Defect Frozen condition matrix
2025-07-05 13:06:09,218 INFO:Processed sheet: Defect Stop condition matrix
2025-07-05 13:06:09,277 INFO:Processed sheet: FIM action matrix
2025-07-05 13:06:09,341 INFO:Processed sheet: Defect retry action matrix
2025-07-05 13:08:07,196 INFO:Processed sheet: Defect Database
2025-07-05 13:08:07,250 INFO:Processed sheet: Defect running condition matrix
2025-07-05 13:08:07,277 INFO:Processed sheet: Defect retry condition matrix
2025-07-05 13:08:07,287 INFO:Processed sheet: Defect Frozen condition matrix
2025-07-05 13:08:07,294 INFO:Processed sheet: Defect Stop condition matrix
2025-07-05 13:08:07,352 INFO:Processed sheet: FIM action matrix
2025-07-05 13:08:07,415 INFO:Processed sheet: Defect retry action matrix
2025-07-05 13:08:36,454 INFO:Processed sheet: Defect Database
2025-07-05 13:08:36,509 INFO:Processed sheet: Defect running condition matrix
2025-07-05 13:08:36,536 INFO:Processed sheet: Defect retry condition matrix
2025-07-05 13:08:36,545 INFO:Processed sheet: Defect Frozen condition matrix
2025-07-05 13:08:36,552 INFO:Processed sheet: Defect Stop condition matrix
2025-07-05 13:08:36,609 INFO:Processed sheet: FIM action matrix
2025-07-05 13:08:36,671 INFO:Processed sheet: Defect retry action matrix
2025-07-05 13:10:53,162 INFO:Processed sheet: Defect Database
2025-07-05 13:10:53,216 INFO:Processed sheet: Defect running condition matrix
2025-07-05 13:10:53,243 INFO:Processed sheet: Defect retry condition matrix
2025-07-05 13:10:53,254 INFO:Processed sheet: Defect Frozen condition matrix
2025-07-05 13:10:53,262 INFO:Processed sheet: Defect Stop condition matrix
2025-07-05 13:10:53,323 INFO:Processed sheet: FIM action matrix
2025-07-05 13:10:53,386 INFO:Processed sheet: Defect retry action matrix
2025-07-05 13:11:20,924 INFO:Processed sheet: Defect Database
2025-07-05 13:11:20,979 INFO:Processed sheet: Defect running condition matrix
2025-07-05 13:11:21,007 INFO:Processed sheet: Defect retry condition matrix
2025-07-05 13:11:21,017 INFO:Processed sheet: Defect Frozen condition matrix
2025-07-05 13:11:21,026 INFO:Processed sheet: Defect Stop condition matrix
2025-07-05 13:11:21,084 INFO:Processed sheet: FIM action matrix
2025-07-05 13:11:21,149 INFO:Processed sheet: Defect retry action matrix
2025-07-05 13:11:34,260 INFO:Processed sheet: Defect Database
2025-07-05 13:11:34,316 INFO:Processed sheet: Defect running condition matrix
2025-07-05 13:11:34,343 INFO:Processed sheet: Defect retry condition matrix
2025-07-05 13:11:34,353 INFO:Processed sheet: Defect Frozen condition matrix
2025-07-05 13:11:34,361 INFO:Processed sheet: Defect Stop condition matrix
2025-07-05 13:11:34,420 INFO:Processed sheet: FIM action matrix
2025-07-05 13:11:34,487 INFO:Processed sheet: Defect retry action matrix
